
Gurobi 6.5.2 (mac64) logging started Mon Nov 14 15:39:03 2016

Set parameter TimeLimit to value 300

Gurobi Optimizer version 6.5.2 build v6.5.2rc1 (mac64)
Copyright (c) 2016, Gurobi Optimization, Inc.

Read LP format model from file TEST.lp
Reading time = 0.09 seconds
(null): 18526 rows, 5580 columns, 52841 nonzeros
Optimize a model with 18526 rows, 5580 columns and 52841 nonzeros
Coefficient statistics:
  Matrix range    [1e+00, 1e+04]
  Objective range [3e-03, 1e+03]
  Bounds range    [1e+00, 1e+00]
  RHS range       [1e+00, 1e+02]
Presolve removed 10865 rows and 2544 columns
Presolve time: 0.56s
Presolved: 7661 rows, 3036 columns, 28394 nonzeros
Variable types: 0 continuous, 3036 integer (2069 binary)
Found heuristic solution: objective 53844.003030

Root relaxation: objective 7.616014e+03, 6358 iterations, 0.74 seconds

    Nodes    |    Current Node    |     Objective Bounds      |     Work
 Expl Unexpl |  Obj  Depth IntInf | Incumbent    BestBd   Gap | It/Node Time

     0     0 7616.01364    0 1043 53844.0030 7616.01364  85.9%     -    1s
     0     0 16776.7911    0 1143 53844.0030 16776.7911  68.8%     -    3s
     0     0 16793.1240    0 1132 53844.0030 16793.1240  68.8%     -    3s
     0     0 17231.5064    0 1246 53844.0030 17231.5064  68.0%     -    5s
H    0     0                    53639.003030 17231.5064  67.9%     -    5s
     0     0 17336.1386    0 1177 53639.0030 17336.1386  67.7%     -    6s
     0     0          -    0      53639.0030 17336.1386  67.7%     -    6s

Cutting planes:
  Gomory: 20
  Cover: 288
  Implied bound: 217
  Clique: 367
  MIR: 108
  Flow cover: 36
  GUB cover: 14
  Zero half: 16

Explored 0 nodes (12290 simplex iterations) in 6.55 seconds
Thread count was 4 (of 4 available processors)

Solve interrupted
Best objective 5.363900303030e+04, best bound 1.733613939394e+04, gap 67.6800%

Wrote result file 'test.sol'


Gurobi 6.5.2 (mac64) logging started Mon Nov 14 15:42:20 2016

Set parameter TimeLimit to value 300

Gurobi Optimizer version 6.5.2 build v6.5.2rc1 (mac64)
Copyright (c) 2016, Gurobi Optimization, Inc.

Read LP format model from file TEST.lp
Reading time = 0.11 seconds
(null): 19120 rows, 5747 columns, 54510 nonzeros
Optimize a model with 19120 rows, 5747 columns and 54510 nonzeros
Coefficient statistics:
  Matrix range    [1e+00, 1e+04]
  Objective range [3e-03, 1e+03]
  Bounds range    [1e+00, 1e+00]
  RHS range       [1e+00, 1e+02]
Presolve removed 11151 rows and 2585 columns
Presolve time: 0.59s
Presolved: 7969 rows, 3162 columns, 29428 nonzeros
Variable types: 0 continuous, 3162 integer (2140 binary)
Found heuristic solution: objective 56808.920588

Root relaxation: objective 7.901454e+03, 7241 iterations, 0.89 seconds

    Nodes    |    Current Node    |     Objective Bounds      |     Work
 Expl Unexpl |  Obj  Depth IntInf | Incumbent    BestBd   Gap | It/Node Time

     0     0 7901.45423    0 1150 56808.9206 7901.45423  86.1%     -    1s
H    0     0                    56778.944118 7901.45423  86.1%     -    1s
     0     0 17031.6080    0 1289 56778.9441 17031.6080  70.0%     -    3s
H    0     0                    56688.944118 17031.6080  70.0%     -    3s
     0     0 17061.2774    0 1182 56688.9441 17061.2774  69.9%     -    3s
     0     0          -    0      56688.9441 17061.2774  69.9%     -    4s

Cutting planes:
  Gomory: 23
  Cover: 325
  Implied bound: 190
  Clique: 279
  MIR: 110
  Flow cover: 48
  GUB cover: 12
  Zero half: 18
  Network: 1

Explored 0 nodes (11186 simplex iterations) in 4.82 seconds
Thread count was 4 (of 4 available processors)

Solve interrupted
Best objective 5.668894411765e+04, best bound 1.706127736639e+04, gap 69.9037%

Wrote result file 'test.sol'


Gurobi 6.5.2 (mac64) logging started Mon Nov 14 15:45:49 2016

Set parameter TimeLimit to value 300

Gurobi Optimizer version 6.5.2 build v6.5.2rc1 (mac64)
Copyright (c) 2016, Gurobi Optimization, Inc.

Read LP format model from file TEST.lp
Reading time = 0.09 seconds
(null): 19120 rows, 5747 columns, 54510 nonzeros
Optimize a model with 19120 rows, 5747 columns and 54510 nonzeros
Coefficient statistics:
  Matrix range    [1e+00, 1e+04]
  Objective range [3e-03, 1e+03]
  Bounds range    [1e+00, 1e+00]
  RHS range       [1e+00, 1e+02]
Presolve removed 11151 rows and 2585 columns
Presolve time: 0.58s
Presolved: 7969 rows, 3162 columns, 29428 nonzeros
Variable types: 0 continuous, 3162 integer (2140 binary)
Found heuristic solution: objective 56788.920588

Root relaxation: objective 7.895118e+03, 6968 iterations, 0.88 seconds

    Nodes    |    Current Node    |     Objective Bounds      |     Work
 Expl Unexpl |  Obj  Depth IntInf | Incumbent    BestBd   Gap | It/Node Time

     0     0 7895.11822    0 1139 56788.9206 7895.11822  86.1%     -    1s
H    0     0                    56758.944118 7895.11822  86.1%     -    1s
     0     0 17006.1597    0 1309 56758.9441 17006.1597  70.0%     -    3s
H    0     0                    56578.944118 17006.1597  69.9%     -    3s
     0     0 17038.1933    0 1237 56578.9441 17038.1933  69.9%     -    3s
     0     0          -    0      56578.9441 17038.1933  69.9%     -    5s

Cutting planes:
  Gomory: 22
  Cover: 313
  Implied bound: 198
  Clique: 260
  MIR: 95
  Flow cover: 53
  GUB cover: 11
  Zero half: 15

Explored 0 nodes (11033 simplex iterations) in 5.04 seconds
Thread count was 4 (of 4 available processors)

Solve interrupted
Best objective 5.657894411765e+04, best bound 1.703819411765e+04, gap 69.8860%

Wrote result file 'test.sol'


Gurobi 6.5.2 (mac64) logging started Mon Nov 14 15:46:43 2016

Set parameter TimeLimit to value 300

Gurobi Optimizer version 6.5.2 build v6.5.2rc1 (mac64)
Copyright (c) 2016, Gurobi Optimization, Inc.

Read LP format model from file TEST.lp
Reading time = 0.08 seconds
(null): 19120 rows, 5747 columns, 54510 nonzeros
Optimize a model with 19120 rows, 5747 columns and 54510 nonzeros
Coefficient statistics:
  Matrix range    [1e+00, 1e+04]
  Objective range [3e-03, 1e+03]
  Bounds range    [1e+00, 1e+00]
  RHS range       [1e+00, 1e+02]
Presolve removed 11151 rows and 2585 columns
Presolve time: 0.55s
Presolved: 7969 rows, 3162 columns, 29428 nonzeros
Variable types: 0 continuous, 3162 integer (2140 binary)
Found heuristic solution: objective 56788.920588

Root relaxation: objective 7.895118e+03, 6968 iterations, 0.90 seconds

    Nodes    |    Current Node    |     Objective Bounds      |     Work
 Expl Unexpl |  Obj  Depth IntInf | Incumbent    BestBd   Gap | It/Node Time

     0     0 7895.11822    0 1139 56788.9206 7895.11822  86.1%     -    1s
H    0     0                    56758.944118 7895.11822  86.1%     -    1s
     0     0 17006.1597    0 1309 56758.9441 17006.1597  70.0%     -    3s
H    0     0                    56578.944118 17006.1597  69.9%     -    3s
     0     0 17038.1933    0 1237 56578.9441 17038.1933  69.9%     -    4s
     0     0 17569.4617    0 1260 56578.9441 17569.4617  68.9%     -    6s
H    0     0                    56468.947059 17569.4617  68.9%     -    6s
     0     0 17644.9147    0 1292 56468.9471 17644.9147  68.8%     -    7s
     0     0 17962.9033    0 1290 56468.9471 17962.9033  68.2%     -    8s
     0     0 18049.7923    0 1376 56468.9471 18049.7923  68.0%     -    9s
     0     0 18256.9286    0 1352 56468.9471 18256.9286  67.7%     -   11s
H    0     0                    56318.952941 18256.9286  67.6%     -   11s
     0     0 18372.4018    0 1396 56318.9529 18372.4018  67.4%     -   11s
     0     0 18490.0295    0 1396 56318.9529 18490.0295  67.2%     -   13s
H    0     0                    41588.894118 18490.0295  55.5%     -   13s
H    0     0                    40928.902941 18490.0295  54.8%     -   13s
     0     0 18544.6616    0 1516 40928.9029 18544.6616  54.7%     -   13s
     0     0 18604.0980    0 1457 40928.9029 18604.0980  54.5%     -   14s
H    0     0                    40233.894118 18604.0980  53.8%     -   15s
     0     0 18632.1601    0 1473 40233.8941 18632.1601  53.7%     -   15s
     0     0 18679.2082    0 1547 40233.8941 18679.2082  53.6%     -   16s
     0     0 18679.2082    0 1544 40233.8941 18679.2082  53.6%     -   16s
H    0     0                    40213.900000 18679.2082  53.6%     -   23s
H    0     0                    38318.905882 18679.2082  51.3%     -   27s
     0     2 18679.2082    0 1534 38318.9059 18679.2082  51.3%     -   28s
     4     2 19512.7133    2 1355 38318.9059 19512.7133  49.1%  1025   31s
    12     5 20978.7437    6 1291 38318.9059 19579.6305  48.9%  1205   37s
    22     5 infeasible    9      38318.9059 19579.6305  48.9%   951   40s
H   27     5                    38158.929412 19579.6305  48.7%   856   43s
H   29     5                    38148.964706 19579.6305  48.7%   818   43s
    42     5 infeasible   14      38148.9647 19579.6305  48.7%   668   45s
    70     6 infeasible   21      38148.9647 19579.6305  48.7%   546   50s
H   72     6                    38098.932353 19579.6305  48.6%   539   50s
    85    16 33561.1502   25 1182 38098.9324 19579.6305  48.6%   593   55s
H   99    32                    37688.920588 19579.6305  48.0%   585   60s
H  100    32                    37598.947059 19579.6305  47.9%   585   60s
   117    51 34149.1567   36 1099 37598.9471 19579.6305  47.9%   614   65s
H  127    60                    37598.920588 19579.6305  47.9%   616   68s
H  129    62                    37598.894118 19579.6305  47.9%   613   68s
   138    70 34508.6412   42  871 37598.8941 19579.6305  47.9%   605   70s
H  156    90                    37568.894118 19579.6305  47.9%   574   72s
   183   116 35084.7310   63  847 37568.8941 19579.6305  47.9%   544   75s
H  214   126                    37348.964706 19579.6305  47.6%   490   76s
H  303   231                    37348.938235 19579.6305  47.6%   379   79s
   305   238 36239.2740  143  423 37348.9382 19579.6305  47.6%   378   80s
H  400   328                    37348.911765 19579.6305  47.6%   305   82s
H  463   356                    37118.985294 21223.1787  42.8%   276   82s
   503   393 infeasible    6      37118.9853 21962.7279  40.8%   267   85s
   592   453 infeasible   15      37118.9853 29266.6788  21.2%   259   90s
   602   457 33674.5083   19 1202 37118.9853 33330.5146  10.2%   274   95s
   614   464 33740.5367   22 1179 37118.9853 33330.5146  10.2%   285  100s
   628   478 33979.0810   27 1228 37118.9853 33330.5146  10.2%   301  105s
   638   489 34070.6020   29 1163 37118.9853 33330.5146  10.2%   312  110s
   659   508 34294.4567   37 1019 37118.9853 33330.5146  10.2%   326  116s
H  675   526                    37118.932353 33330.5146  10.2%   327  119s
H  680   531                    37118.905882 33330.5146  10.2%   328  119s
   686   538 34527.5720   47  895 37118.9059 33330.5146  10.2%   329  121s
   734   585 34396.4395   41 1544 37118.9059 33330.5146  10.2%   321  128s
   736   586 36303.3200  167  444 37118.9059 33330.5146  10.2%   320  130s
   740   589 36301.9663  139  606 37118.9059 33330.5146  10.2%   318  136s
   743   591 36337.9130  157  597 37118.9059 33330.5146  10.2%   317  141s
   745   592 34573.0044   80  632 37118.9059 33330.5146  10.2%   316  145s
   747   594 33604.2603   29  757 37118.9059 33330.5146  10.2%   315  150s
   749   595 36304.5696  170  815 37118.9059 33330.5146  10.2%   314  164s
   750   596 34852.6150   62  793 37118.9059 33330.5146  10.2%   314  166s
H  750   565                    36943.961765 33330.5146  9.78%   314  179s
   752   568 35386.2053   11  576 36943.9618 33330.5146  9.78%   374  193s
   754   567 35400.2133   12  531 36943.9618 35400.2133  4.18%   374  203s
   755   568 35619.2329   12  435 36943.9618 35402.7922  4.17%   376  206s
   758   570 35411.1709   14  552 36943.9618 35409.7030  4.15%   375  210s
   763   577 35485.6048   16  630 36943.9618 35411.1856  4.15%   377  217s
   778   582 35520.2756   16  540 36943.9618 35411.1856  4.15%   376  220s
   832   619 35515.5946   24  570 36943.9618 35411.1856  4.15%   366  227s
   851   630 35543.3112   27  574 36943.9618 35411.1856  4.15%   368  231s
H  862   610                    36873.935294 35411.1856  3.97%   367  231s
H  902   609                    36868.967647 35411.1856  3.95%   364  237s
H  922   596                    36848.923529 35411.1856  3.90%   362  237s
   941   608 35672.8678   50  443 36848.9235 35411.1856  3.90%   360  241s
H  949   580                    36788.926471 35411.1856  3.74%   359  241s
  1002   621 35794.0970   63  403 36788.9265 35411.1856  3.74%   352  246s
  1066   667 35924.6048   77  412 36788.9265 35411.1856  3.74%   344  250s
H 1124   674                    36588.917647 35411.1856  3.22%   332  250s
  1160   692 36357.9997  106  353 36588.9176 35412.4814  3.22%   328  255s
  1266   725 35589.4633   23  591 36588.9176 35471.1690  3.05%   324  263s
  1297   744 35613.7174   30  562 36588.9176 35471.1690  3.05%   326  267s
  1335   771 35768.5449   37  527 36588.9176 35471.1690  3.05%   328  272s
  1372   794 35715.5459   44  575 36588.9176 35471.1690  3.05%   328  275s
  1440   841 35770.3633   57  496 36588.9176 35471.1690  3.05%   323  280s
  1575   924 35985.7698   86  413 36588.9176 35471.1690  3.05%   323  289s
  1734  1018 36134.1676  122  304 36588.9176 35471.1690  3.05%   307  294s
  1944  1117 36558.1630  176  218 36588.9176 35485.6276  3.02%   282  299s
  1991  1125 35723.3683   28  573 36588.9176 35485.6276  3.02%   282  300s

Cutting planes:
  Gomory: 33
  Cover: 266
  Implied bound: 183
  Clique: 76
  MIR: 146
  Flow cover: 81
  GUB cover: 14
  Zero half: 26

Explored 1999 nodes (588338 simplex iterations) in 300.00 seconds
Thread count was 4 (of 4 available processors)

Time limit reached
Best objective 3.658891764706e+04, best bound 3.548562762130e+04, gap 3.0154%

Wrote result file 'test.sol'


Gurobi 6.5.2 (mac64) logging started Mon Nov 14 16:07:14 2016

Set parameter TimeLimit to value 300

Gurobi Optimizer version 6.5.2 build v6.5.2rc1 (mac64)
Copyright (c) 2016, Gurobi Optimization, Inc.

Read LP format model from file TEST.lp
Reading time = 0.09 seconds
(null): 19120 rows, 5747 columns, 54510 nonzeros
Optimize a model with 19120 rows, 5747 columns and 54510 nonzeros
Coefficient statistics:
  Matrix range    [1e+00, 1e+04]
  Objective range [3e-03, 1e+03]
  Bounds range    [1e+00, 1e+00]
  RHS range       [1e+00, 1e+02]
Presolve removed 11151 rows and 2585 columns
Presolve time: 0.60s
Presolved: 7969 rows, 3162 columns, 29428 nonzeros
Variable types: 0 continuous, 3162 integer (2140 binary)
Found heuristic solution: objective 56788.920588

Root relaxation: objective 7.896967e+03, 7514 iterations, 0.96 seconds

    Nodes    |    Current Node    |     Objective Bounds      |     Work
 Expl Unexpl |  Obj  Depth IntInf | Incumbent    BestBd   Gap | It/Node Time

     0     0 7896.96706    0 1144 56788.9206 7896.96706  86.1%     -    1s
H    0     0                    56758.944118 7896.96706  86.1%     -    1s
     0     0 17004.6028    0 1276 56758.9441 17004.6028  70.0%     -    3s
H    0     0                    45038.982353 17004.6028  62.2%     -    3s
H    0     0                    44938.979412 17004.6028  62.2%     -    3s
     0     0 17045.2108    0 1254 44938.9794 17045.2108  62.1%     -    3s
     0     0 17650.7476    0 1264 44938.9794 17650.7476  60.7%     -    6s
H    0     0                    44618.973529 17650.7476  60.4%     -    6s
     0     0 17747.1206    0 1256 44618.9735 17747.1206  60.2%     -    7s
     0     0 18102.0097    0 1291 44618.9735 18102.0097  59.4%     -    9s
H    0     0                    44123.982353 18102.0097  59.0%     -    9s
     0     0 18223.5307    0 1304 44123.9824 18223.5307  58.7%     -   10s
     0     0 18419.8388    0 1333 44123.9824 18419.8388  58.3%     -   12s
H    0     0                    43884.008824 18419.8388  58.0%     -   12s
     0     0 18493.8901    0 1479 43884.0088 18493.8901  57.9%     -   13s
     0     0 18604.8438    0 1419 43884.0088 18604.8438  57.6%     -   14s
     0     0 18663.4077    0 1524 43884.0088 18663.4077  57.5%     -   15s
     0     0 18713.9942    0 1545 43884.0088 18713.9942  57.4%     -   15s
H    0     0                    43724.011765 18713.9942  57.2%     -   16s
     0     0 18743.4375    0 1558 43724.0118 18743.4375  57.1%     -   16s
     0     0 18792.7391    0 1560 43724.0118 18792.7391  57.0%     -   17s
     0     0 18792.7391    0 1544 43724.0118 18792.7391  57.0%     -   18s
H    0     0                    43479.038235 18792.7391  56.8%     -   25s
H    0     0                    40063.850000 18792.7391  53.1%     -   29s
     0     2 18792.7391    0 1543 40063.8500 18792.7391  53.1%     -   30s
     8     4 20462.9994    5 1254 40063.8500 20304.8769  49.3%   857   35s
    20     5 infeasible    9      40063.8500 20410.1784  49.1%   836   40s
    56     5 infeasible   19      40063.8500 20410.1784  49.1%   534   45s
H   72    11                    38378.888235 20410.1784  46.8%   533   51s
    83    19 33515.2666   28 1236 38378.8882 20410.1784  46.8%   566   55s
    99    35 33616.1342   33 1124 38378.8882 20410.1784  46.8%   589   60s
H  117    52                    38368.864706 20410.1784  46.8%   583   66s
H  118    54                    38268.888235 20410.1784  46.7%   579   66s
   136    76 34028.1499   45 1047 38268.8882 20410.1784  46.7%   572   71s
   160    96 34230.9458   57  939 38268.8882 20410.1784  46.7%   546   75s
   219   155 35116.7533   79  677 38268.8882 20410.1784  46.7%   485   80s
   516   447 37216.3012  227  115 38268.8882 22077.6306  42.3%   268   86s
H  738   654                    38263.891176 22079.2933  42.3%   199   89s
H  739   548                    37233.923529 22815.9109  38.7%   201   89s
   768   549 34230.9697   58 1544 37233.9235 22815.9109  38.7%   196   95s
H  769   522                    37064.000000 22815.9109  38.4%   196   97s
   772   524 37064.0000  235  644 37064.0000 26775.3932  27.8%   195  100s
H  772   498                    37014.000000 28720.8662  22.4%   195  102s
H  774   474                    36903.947059 30576.1841  17.1%   194  105s
H  776   451                    36903.894118 32351.9883  12.3%   194  108s
   779   453 36903.8941  198  615 36903.8941 32612.0872  11.6%   193  111s
   782   455 34513.6678   71  666 36903.8941 32845.2994  11.0%   192  115s
   785   457 36903.8941  233  601 36903.8941 33732.6718  8.59%   192  120s
   788   459 34230.9697   58  749 36903.8941 34103.0699  7.59%   191  125s
   791   461 34519.6069   71  811 36903.8941 34176.2238  7.39%   190  131s
H  792   438                    36768.952941 34191.5070  7.01%   190  135s
   797   441 36423.5969  161 1013 36768.9529 34218.8751  6.94%   189  142s
   799   443 36768.9529  198 1002 36768.9529 34218.8751  6.94%   188  154s
   800   445 35492.9748   14  715 36768.9529 34218.9190  6.94%   272  158s
   803   445 36681.9438   15  657 36768.9529 35493.6328  3.47%   288  164s
   805   447 35579.6305   16  655 36768.9529 35495.8775  3.46%   289  165s
   811   448 35575.1243   19  650 36768.9529 35530.2315  3.37%   294  171s
   821   454 35661.7274   22  752 36768.9529 35530.2315  3.37%   311  176s
   835   463 35658.2305   27  648 36768.9529 35530.2315  3.37%   323  181s
   859   478 35679.3950   34  583 36768.9529 35530.2315  3.37%   335  185s
   905   509 35833.8737   46  557 36768.9529 35530.2315  3.37%   349  191s
   957   543 35901.2144   61  485 36768.9529 35530.2315  3.37%   350  196s
  1046   604 35964.2624   85  349 36768.9529 35530.2315  3.37%   342  201s
H 1074   599                    36738.952941 35530.2315  3.29%   339  201s
  1186   664 36252.6875  124  317 36738.9529 35530.2315  3.29%   323  209s
  1367   758 36692.9168  158  297 36738.9529 35579.5317  3.16%   296  212s
  1398   761 35712.9583   21  653 36738.9529 35579.5317  3.16%   299  215s
  1418   777 35835.7004   27  629 36738.9529 35579.5317  3.16%   310  222s
  1426   769 35881.1564   28  666 36738.9529 35579.5317  3.16%   316  226s
  1471   807 35925.5910   45  561 36738.9529 35579.5317  3.16%   322  232s
  1543   855 36020.0253   70  417 36738.9529 35579.5317  3.16%   325  237s
  1587   890 36060.3456   85  317 36738.9529 35579.5317  3.16%   325  240s
  1706   963 36484.0177  108  335 36738.9529 35579.5317  3.16%   321  247s
  1772  1004 36519.8511  122  327 36738.9529 35579.5317  3.16%   319  252s
  1814  1026 36602.3562  132  300 36738.9529 35579.5905  3.16%   317  256s
  1962  1080 35780.0877   22  601 36738.9529 35579.5905  3.16%   306  260s
  1995  1088 35793.0578   30  643 36738.9529 35579.5905  3.16%   313  268s
  2033  1107 35860.0472   38  487 36738.9529 35579.5905  3.16%   313  272s
  2189  1195 35852.3615   48  561 36738.9529 35579.5905  3.16%   300  276s
  2236  1242 35910.2944   65  468 36738.9529 35579.5905  3.16%   306  283s
  2292  1296 36011.9340   85  418 36738.9529 35579.5905  3.16%   306  289s
  2415  1407 36183.5154  102  361 36738.9529 35579.5905  3.16%   298  294s
H 2506  1493                    36728.997059 35579.5905  3.13%   293  294s
  2510  1481 36467.1761  139  215 36728.9971 35579.5905  3.13%   296  300s
H 2620  1507                    36688.994118 35579.5905  3.02%   289  300s

Cutting planes:
  Gomory: 24
  Cover: 303
  Implied bound: 191
  Clique: 98
  MIR: 179
  Flow cover: 167
  GUB cover: 15
  Zero half: 27

Explored 2621 nodes (783412 simplex iterations) in 300.02 seconds
Thread count was 4 (of 4 available processors)

Time limit reached
Best objective 3.668899411765e+04, best bound 3.557959051014e+04, gap 3.0238%

Wrote result file 'test.sol'

